2025-06-03 19:18:06,431 (23625/MainThread) pgcli.main INFO - Default pager found in PAGER environment variable: "less"
2025-06-03 19:18:06,431 (23625/MainThread) pgcli.main WARNING - import keyring failed: ModuleNotFoundError("No module named 'keyring'").
2025-06-03 19:18:10,997 (23625/MainThread) pgcli.main ERROR - traceback: 'Traceback (most recent call last):\n  File "/opt/homebrew/Cellar/pgcli/4.3.0/libexec/lib/python3.13/site-packages/pgcli/main.py", line 737, in connect\n    pgexecute = PGExecute(\n        database,\n    ...<6 lines>...\n        **kwargs,\n    )\n  File "/opt/homebrew/Cellar/pgcli/4.3.0/libexec/lib/python3.13/site-packages/pgcli/pgexecute.py", line 184, in __init__\n    self.connect(database, user, password, host, port, dsn, **kwargs)\n    ~~~~~~~~~~~~^^^^^^^^^^^^^^^^^^^^^^^^^^^^^^^^^^^^^^^^^^^^^^^^^^^^^\n  File "/opt/homebrew/Cellar/pgcli/4.3.0/libexec/lib/python3.13/site-packages/pgcli/pgexecute.py", line 233, in connect\n    conn = psycopg.connect(conn_info)\n  File "/opt/homebrew/Cellar/pgcli/4.3.0/libexec/lib/python3.13/site-packages/psycopg/connection.py", line 117, in connect\n    raise last_ex.with_traceback(None)\npsycopg.OperationalError: connection failed: connection to server on socket "/tmp/.s.PGSQL.5432" failed: fe_sendauth: no password supplied\n\nDuring handling of the above exception, another exception occurred:\n\nTraceback (most recent call last):\n  File "/opt/homebrew/Cellar/pgcli/4.3.0/libexec/lib/python3.13/site-packages/pgcli/main.py", line 755, in connect\n    pgexecute = PGExecute(\n        database,\n    ...<6 lines>...\n        **kwargs,\n    )\n  File "/opt/homebrew/Cellar/pgcli/4.3.0/libexec/lib/python3.13/site-packages/pgcli/pgexecute.py", line 184, in __init__\n    self.connect(database, user, password, host, port, dsn, **kwargs)\n    ~~~~~~~~~~~~^^^^^^^^^^^^^^^^^^^^^^^^^^^^^^^^^^^^^^^^^^^^^^^^^^^^^\n  File "/opt/homebrew/Cellar/pgcli/4.3.0/libexec/lib/python3.13/site-packages/pgcli/pgexecute.py", line 233, in connect\n    conn = psycopg.connect(conn_info)\n  File "/opt/homebrew/Cellar/pgcli/4.3.0/libexec/lib/python3.13/site-packages/psycopg/connection.py", line 117, in connect\n    raise last_ex.with_traceback(None)\npsycopg.OperationalError: connection failed: connection to server on socket "/tmp/.s.PGSQL.5432" failed: FATAL:  password authentication failed for user "ethantlee"\n'
2025-06-03 19:18:31,210 (23685/MainThread) pgcli.main INFO - Default pager found in PAGER environment variable: "less"
2025-06-03 19:18:31,210 (23685/MainThread) pgcli.main WARNING - import keyring failed: ModuleNotFoundError("No module named 'keyring'").
2025-06-03 19:19:13,506 (23685/MainThread) pgcli.pgexecute ERROR - sql: 'alter table items alter column price type money', error: DatatypeMismatch('column "price" cannot be cast automatically to type money\nHINT:  You might need to specify "USING price::money".')
2025-06-03 19:19:13,510 (23685/MainThread) pgcli.pgexecute ERROR - traceback: 'Traceback (most recent call last):\n  File "/opt/homebrew/Cellar/pgcli/4.3.0/libexec/lib/python3.13/site-packages/pgcli/pgexecute.py", line 406, in run\n    yield self.execute_normal_sql(sql) + (sql, True, False)\n          ~~~~~~~~~~~~~~~~~~~~~~~^^^^^\n  File "/opt/homebrew/Cellar/pgcli/4.3.0/libexec/lib/python3.13/site-packages/pgcli/pgexecute.py", line 460, in execute_normal_sql\n    cur.execute(split_sql)\n    ~~~~~~~~~~~^^^^^^^^^^^\n  File "/opt/homebrew/Cellar/pgcli/4.3.0/libexec/lib/python3.13/site-packages/pgcli/pgexecute.py", line 91, in execute\n    super().execute(*args, **kwargs)\n    ~~~~~~~~~~~~~~~^^^^^^^^^^^^^^^^^\n  File "/opt/homebrew/Cellar/pgcli/4.3.0/libexec/lib/python3.13/site-packages/psycopg/cursor.py", line 97, in execute\n    raise ex.with_traceback(None)\npsycopg.errors.DatatypeMismatch: column "price" cannot be cast automatically to type money\nHINT:  You might need to specify "USING price::money".\n'
2025-06-03 19:19:29,767 (23685/MainThread) pgcli.pgexecute ERROR - sql: 'alter table items alter column price type money using price::money', error: CannotCoerce('cannot cast type real to money\nLINE 1: ...table items alter column price type money using price::money\n                                                                ^')
2025-06-03 19:19:29,769 (23685/MainThread) pgcli.pgexecute ERROR - traceback: 'Traceback (most recent call last):\n  File "/opt/homebrew/Cellar/pgcli/4.3.0/libexec/lib/python3.13/site-packages/pgcli/pgexecute.py", line 406, in run\n    yield self.execute_normal_sql(sql) + (sql, True, False)\n          ~~~~~~~~~~~~~~~~~~~~~~~^^^^^\n  File "/opt/homebrew/Cellar/pgcli/4.3.0/libexec/lib/python3.13/site-packages/pgcli/pgexecute.py", line 460, in execute_normal_sql\n    cur.execute(split_sql)\n    ~~~~~~~~~~~^^^^^^^^^^^\n  File "/opt/homebrew/Cellar/pgcli/4.3.0/libexec/lib/python3.13/site-packages/pgcli/pgexecute.py", line 91, in execute\n    super().execute(*args, **kwargs)\n    ~~~~~~~~~~~~~~~^^^^^^^^^^^^^^^^^\n  File "/opt/homebrew/Cellar/pgcli/4.3.0/libexec/lib/python3.13/site-packages/psycopg/cursor.py", line 97, in execute\n    raise ex.with_traceback(None)\npsycopg.errors.CannotCoerce: cannot cast type real to money\nLINE 1: ...table items alter column price type money using price::money\n                                                                ^\n'
2025-06-03 19:20:17,296 (23685/MainThread) pgcli.pgexecute ERROR - sql: 'clear', error: SyntaxError('syntax error at or near "clear"\nLINE 1: clear\n        ^')
2025-06-03 19:20:17,298 (23685/MainThread) pgcli.pgexecute ERROR - traceback: 'Traceback (most recent call last):\n  File "/opt/homebrew/Cellar/pgcli/4.3.0/libexec/lib/python3.13/site-packages/pgcli/pgexecute.py", line 406, in run\n    yield self.execute_normal_sql(sql) + (sql, True, False)\n          ~~~~~~~~~~~~~~~~~~~~~~~^^^^^\n  File "/opt/homebrew/Cellar/pgcli/4.3.0/libexec/lib/python3.13/site-packages/pgcli/pgexecute.py", line 460, in execute_normal_sql\n    cur.execute(split_sql)\n    ~~~~~~~~~~~^^^^^^^^^^^\n  File "/opt/homebrew/Cellar/pgcli/4.3.0/libexec/lib/python3.13/site-packages/pgcli/pgexecute.py", line 91, in execute\n    super().execute(*args, **kwargs)\n    ~~~~~~~~~~~~~~~^^^^^^^^^^^^^^^^^\n  File "/opt/homebrew/Cellar/pgcli/4.3.0/libexec/lib/python3.13/site-packages/psycopg/cursor.py", line 97, in execute\n    raise ex.with_traceback(None)\npsycopg.errors.SyntaxError: syntax error at or near "clear"\nLINE 1: clear\n        ^\n'
2025-06-05 18:57:58,928 (31798/MainThread) pgcli.main INFO - Default pager found in PAGER environment variable: "less"
2025-06-05 18:57:58,928 (31798/MainThread) pgcli.main WARNING - import keyring failed: ModuleNotFoundError("No module named 'keyring'").
